<?xml version="1.0" encoding="UTF-8"?>
<testsuite xmlns:xsi="http://www.w3.org/2001/XMLSchema-instance" xsi:noNamespaceSchemaLocation="https://maven.apache.org/surefire/maven-surefire-plugin/xsd/surefire-test-report-3.0.xsd" version="3.0" name="com.example.DiceGameBE.DiceGameBeApplicationTests" time="1.632" tests="1" errors="0" skipped="0" failures="0">
  <properties>
[...]
</properties>
  <testcase name="contextLoads" classname="com.example.DiceGameBE.DiceGameBeApplicationTests" time="0.393">
    <system-out><![CDATA[12:24:18.126 [main] INFO org.springframework.test.context.support.AnnotationConfigContextLoaderUtils -- Could not detect default configuration classes for test class [com.example.DiceGameBE.DiceGameBeApplicationTests]: DiceGameBeApplicationTests does not declare any static, non-private, non-final, nested classes annotated with @Configuration.
12:24:18.165 [main] INFO org.springframework.boot.test.context.SpringBootTestContextBootstrapper -- Found @SpringBootConfiguration com.example.DiceGameBE.DiceGameBeApplication for test class com.example.DiceGameBE.DiceGameBeApplicationTests

  .   ____          _            __ _ _
 /\\ / ___'_ __ _ _(_)_ __  __ _ \ \ \ \
( ( )\___ | '_ | '_| | '_ \/ _` | \ \ \ \
 \\/  ___)| |_)| | | | | || (_| |  ) ) ) )
  '  |____| .__|_| |_|_| |_\__, | / / / /
 =========|_|==============|___/=/_/_/_/
 :: Spring Boot ::                (v3.1.1)

2023-07-20T12:24:18.309+02:00  WARN 2273 --- [           main] ory$DuplicateJsonObjectContextCustomizer : 

Found multiple occurrences of org.json.JSONObject on the class path:

	jar:file:/Users/artmusicrecords/.m2/repository/org/json/json/20220320/json-20220320.jar!/org/json/JSONObject.class
	jar:file:/Users/artmusicrecords/.m2/repository/com/vaadin/external/google/android-json/0.0.20131108.vaadin1/android-json-0.0.20131108.vaadin1.jar!/org/json/JSONObject.class

You may wish to exclude one of them to ensure predictable runtime behavior

2023-07-20T12:24:18.316+02:00  INFO 2273 --- [           main] c.e.D.DiceGameBeApplicationTests         : Starting DiceGameBeApplicationTests using Java 17.0.4.1 with PID 2273 (started by artmusicrecords in /Users/artmusicrecords/IdeaProjects/DiceGameBE)
2023-07-20T12:24:18.317+02:00  INFO 2273 --- [           main] c.e.D.DiceGameBeApplicationTests         : No active profile set, falling back to 1 default profile: "default"
2023-07-20T12:24:18.601+02:00  INFO 2273 --- [           main] .s.d.r.c.RepositoryConfigurationDelegate : Multiple Spring Data modules found, entering strict repository configuration mode
2023-07-20T12:24:18.602+02:00  INFO 2273 --- [           main] .s.d.r.c.RepositoryConfigurationDelegate : Bootstrapping Spring Data Redis repositories in DEFAULT mode.
2023-07-20T12:24:18.616+02:00  INFO 2273 --- [           main] .s.d.r.c.RepositoryConfigurationDelegate : Finished Spring Data repository scanning in 7 ms. Found 0 Redis repository interfaces.
2023-07-20T12:24:18.885+02:00  WARN 2273 --- [           main] .s.s.UserDetailsServiceAutoConfiguration : 

Using generated security password: 19c6a7e8-f6c9-4abf-ba0b-ae43f12d5b0c

This generated password is for development use only. Your security configuration must be updated before running your application in production.

2023-07-20T12:24:18.942+02:00  INFO 2273 --- [           main] o.s.s.web.DefaultSecurityFilterChain     : Will secure any request with [org.springframework.security.web.session.DisableEncodeUrlFilter@76437e9b, org.springframework.security.web.context.request.async.WebAsyncManagerIntegrationFilter@236ae13d, org.springframework.security.web.context.SecurityContextHolderFilter@11d4d979, org.springframework.security.web.header.HeaderWriterFilter@48581a3b, org.springframework.security.web.csrf.CsrfFilter@1953bc95, org.springframework.security.web.authentication.logout.LogoutFilter@2eb60c71, org.springframework.security.web.authentication.www.BasicAuthenticationFilter@52d0f583, org.springframework.security.web.savedrequest.RequestCacheAwareFilter@3c25cfe1, org.springframework.security.web.servletapi.SecurityContextHolderAwareRequestFilter@db99785, org.springframework.security.web.authentication.AnonymousAuthenticationFilter@193eb1ba, org.springframework.security.web.access.ExceptionTranslationFilter@16e99306, org.springframework.security.web.access.intercept.AuthorizationFilter@49edcb30]
2023-07-20T12:24:19.254+02:00  WARN 2273 --- [           main] o.s.s.c.a.web.builders.WebSecurity       : You are asking Spring Security to ignore Mvc [pattern='/start-game']. This is not recommended -- please use permitAll via HttpSecurity#authorizeHttpRequests instead.
2023-07-20T12:24:19.255+02:00  INFO 2273 --- [           main] o.s.s.web.DefaultSecurityFilterChain     : Will not secure Mvc [pattern='/start-game']
2023-07-20T12:24:19.288+02:00  INFO 2273 --- [           main] c.e.D.DiceGameBeApplicationTests         : Started DiceGameBeApplicationTests in 1.063 seconds (process running for 1.442)
]]></system-out>
  </testcase>
</testsuite>