<?xml version="1.0" encoding="UTF-8"?>
<testsuite xmlns:xsi="http://www.w3.org/2001/XMLSchema-instance" xsi:noNamespaceSchemaLocation="https://maven.apache.org/surefire/maven-surefire-plugin/xsd/surefire-test-report-3.0.xsd" version="3.0" name="com.example.DiceGameBE.DiceGameBeApplicationTests" time="1.701" tests="1" errors="0" skipped="0" failures="0">
  <properties>
[...]
</properties>
  <testcase name="contextLoads" classname="com.example.DiceGameBE.DiceGameBeApplicationTests" time="0.41">
    <system-out><![CDATA[19:31:55.735 [main] INFO org.springframework.test.context.support.AnnotationConfigContextLoaderUtils -- Could not detect default configuration classes for test class [com.example.DiceGameBE.DiceGameBeApplicationTests]: DiceGameBeApplicationTests does not declare any static, non-private, non-final, nested classes annotated with @Configuration.
19:31:55.783 [main] INFO org.springframework.boot.test.context.SpringBootTestContextBootstrapper -- Found @SpringBootConfiguration com.example.DiceGameBE.DiceGameBeApplication for test class com.example.DiceGameBE.DiceGameBeApplicationTests

  .   ____          _            __ _ _
 /\\ / ___'_ __ _ _(_)_ __  __ _ \ \ \ \
( ( )\___ | '_ | '_| | '_ \/ _` | \ \ \ \
 \\/  ___)| |_)| | | | | || (_| |  ) ) ) )
  '  |____| .__|_| |_|_| |_\__, | / / / /
 =========|_|==============|___/=/_/_/_/
 :: Spring Boot ::                (v3.1.1)

2023-07-20T19:31:55.966+02:00  INFO 980 --- [           main] c.e.D.DiceGameBeApplicationTests         : Starting DiceGameBeApplicationTests using Java 17.0.4.1 with PID 980 (started by artmusicrecords in /Users/artmusicrecords/IdeaProjects/DiceGameBE)
2023-07-20T19:31:55.966+02:00  INFO 980 --- [           main] c.e.D.DiceGameBeApplicationTests         : No active profile set, falling back to 1 default profile: "default"
2023-07-20T19:31:56.248+02:00  INFO 980 --- [           main] .s.d.r.c.RepositoryConfigurationDelegate : Multiple Spring Data modules found, entering strict repository configuration mode
2023-07-20T19:31:56.250+02:00  INFO 980 --- [           main] .s.d.r.c.RepositoryConfigurationDelegate : Bootstrapping Spring Data Redis repositories in DEFAULT mode.
2023-07-20T19:31:56.266+02:00  INFO 980 --- [           main] .s.d.r.c.RepositoryConfigurationDelegate : Finished Spring Data repository scanning in 7 ms. Found 0 Redis repository interfaces.
2023-07-20T19:31:56.627+02:00  WARN 980 --- [           main] .s.s.UserDetailsServiceAutoConfiguration : 

Using generated security password: 19f92cee-b22f-42ea-b70f-d01bdead7a36

This generated password is for development use only. Your security configuration must be updated before running your application in production.

2023-07-20T19:31:56.688+02:00  INFO 980 --- [           main] o.s.s.web.DefaultSecurityFilterChain     : Will secure any request with [org.springframework.security.web.session.DisableEncodeUrlFilter@611d0763, org.springframework.security.web.context.request.async.WebAsyncManagerIntegrationFilter@615efd1c, org.springframework.security.web.context.SecurityContextHolderFilter@3d3c886f, org.springframework.security.web.header.HeaderWriterFilter@2c9d90fc, org.springframework.security.web.csrf.CsrfFilter@15e8f9b2, org.springframework.security.web.authentication.logout.LogoutFilter@52abed9d, org.springframework.security.web.authentication.www.BasicAuthenticationFilter@67acfde9, org.springframework.security.web.savedrequest.RequestCacheAwareFilter@666618d6, org.springframework.security.web.servletapi.SecurityContextHolderAwareRequestFilter@1eca3ea7, org.springframework.security.web.authentication.AnonymousAuthenticationFilter@1e226bcd, org.springframework.security.web.access.ExceptionTranslationFilter@3e4d40ea, org.springframework.security.web.access.intercept.AuthorizationFilter@261f359f]
2023-07-20T19:31:56.896+02:00  WARN 980 --- [           main] o.s.s.c.a.web.builders.WebSecurity       : You are asking Spring Security to ignore Mvc [pattern='/start-game']. This is not recommended -- please use permitAll via HttpSecurity#authorizeHttpRequests instead.
2023-07-20T19:31:56.896+02:00  INFO 980 --- [           main] o.s.s.web.DefaultSecurityFilterChain     : Will not secure Mvc [pattern='/start-game']
2023-07-20T19:31:56.935+02:00  INFO 980 --- [           main] c.e.D.DiceGameBeApplicationTests         : Started DiceGameBeApplicationTests in 1.073 seconds (process running for 1.501)
]]></system-out>
  </testcase>
</testsuite>